app/proguard/mapping.txt
eu.chainfire.holeylight.Application -> eu.chainfire.holeylight.Application:
    java.lang.String defaultLocale -> a
    11:11:void <init>() -> <init>
    16:21:void onCreate() -> onCreate
    25:28:void attachBaseContext(android.content.Context) -> attachBaseContext
    32:34:void onConfigurationChanged(android.content.res.Configuration) -> onConfigurationChanged
    12:12:void <clinit>() -> <clinit>
eu.chainfire.holeylight.BuildConfig -> eu.chainfire.holeylight.a:
    java.lang.String[] TRANSLATION_ARRAY -> a
    14:14:void <clinit>() -> <clinit>
eu.chainfire.holeylight.animation.JSONAnimationManipulator -> eu.chainfire.holeylight.a.a:
    double thickness -> a
    java.lang.String output -> b
    35:52:boolean process(java.lang.String,java.lang.Object,int,java.lang.String) -> a
    56:66:java.lang.Double patch(java.lang.Object) -> a
    70:75:void walk(org.json.JSONArray,int,java.lang.String) -> a
    78:84:void walk(org.json.JSONObject,int,java.lang.String) -> a
    86:98:void <init>(java.lang.String,float) -> <init>
    101:101:java.lang.String modify(java.lang.String,float) -> a
eu.chainfire.holeylight.animation.NotificationAnimation -> eu.chainfire.holeylight.a.b:
    java.lang.Boolean test_lastHideAOD -> a
    eu.chainfire.holeylight.misc.CameraCutout$Cutout OVERRIDE_CUTOUT -> b
    java.lang.String OVERRIDE_DEVICE -> c
    eu.chainfire.holeylight.animation.NotificationAnimation$DeviceSpecs[] deviceSpecs -> d
    eu.chainfire.holeylight.animation.NotificationAnimation$OnNotificationAnimationListener onNotificationAnimationListener -> e
    eu.chainfire.holeylight.misc.Settings settings -> f
    eu.chainfire.holeylight.misc.CameraCutout cameraCutout -> g
    eu.chainfire.holeylight.animation.SpritePlayer spritePlayer -> h
    float densityMultiplier -> i
    eu.chainfire.holeylight.animation.NotificationAnimation$DeviceSpecs spec -> j
    com.android.systemui.VIDirector viDirector -> k
    com.android.systemui.VIDirector viDirector2 -> l
    com.airbnb.lottie.LottieComposition lottieComposition -> m
    boolean play -> n
    int[] colors -> o
    int colorIndex -> p
    int[] colorsNext -> q
    boolean playNext -> r
    boolean inDoze -> s
    boolean hideAOD -> t
    boolean hideAODFully -> u
    boolean showAODClock -> v
    boolean positionAODClock -> w
    eu.chainfire.holeylight.animation.SpritePlayer$Mode mode -> x
    boolean blackFill -> y
    android.graphics.Rect tspRect -> z
    android.graphics.Rect clockRect -> A
    int tspOverlayBottom -> B
    float currentDpAddThickness -> C
eu.chainfire.holeylight.animation.NotificationAnimation$1 -> eu.chainfire.holeylight.a.b$1:
    eu.chainfire.holeylight.animation.NotificationAnimation$OnNotificationAnimationListener val$onNotificationAnimationListener -> a
    eu.chainfire.holeylight.animation.NotificationAnimation this$0 -> b
    215:215:void <init>(eu.chainfire.holeylight.animation.NotificationAnimation,eu.chainfire.holeylight.animation.NotificationAnimation$OnNotificationAnimationListener) -> <init>
    218:221:boolean onAnimationFrameStart(boolean) -> a
    226:229:void onAnimationFrameEnd(boolean) -> b
    234:264:boolean onAnimationComplete() -> a
eu.chainfire.holeylight.animation.NotificationAnimation$DeviceSpecs -> eu.chainfire.holeylight.a.b$a:
    java.lang.String device -> a
    boolean exact -> b
    java.lang.String json -> c
    float dpAddScaleBase -> d
    float dpAddScaleHorizontal -> e
    float dpShiftVertical -> f
    float dpShiftHorizontal -> g
    float dpAddDoze -> h
    boolean supported -> i
    boolean officiallySupported -> j
    77:88:void <init>(java.lang.String,boolean,java.lang.String,float,float,float,float,float,boolean,boolean) -> <init>
...
androidx.recyclerview.widget.DefaultItemAnimator$1 -> androidx.recyclerview.widget.e$1:
    java.util.ArrayList val$moves -> a
    androidx.recyclerview.widget.DefaultItemAnimator this$0 -> b
    121:121:void <init>(androidx.recyclerview.widget.DefaultItemAnimator,java.util.ArrayList) -> <init>
    124:130:void run() -> run
androidx.recyclerview.widget.DefaultItemAnimator$2 -> androidx.recyclerview.widget.e$2:
    java.util.ArrayList val$changes -> a
    androidx.recyclerview.widget.DefaultItemAnimator this$0 -> b
    145:145:void <init>(androidx.recyclerview.widget.DefaultItemAnimator,java.util.ArrayList) -> <init>
    148:153:void run() -> run
androidx.recyclerview.widget.DefaultItemAnimator$3 -> androidx.recyclerview.widget.e$3:
    java.util.ArrayList val$additions -> a
    androidx.recyclerview.widget.DefaultItemAnimator this$0 -> b
    168:168:void <init>(androidx.recyclerview.widget.DefaultItemAnimator,java.util.ArrayList) -> <init>
    171:176:void run() -> run
androidx.recyclerview.widget.DefaultItemAnimator$4 -> androidx.recyclerview.widget.e$4:
    androidx.recyclerview.widget.RecyclerView$ViewHolder val$holder -> a
    android.view.ViewPropertyAnimator val$animation -> b
    android.view.View val$view -> c
    androidx.recyclerview.widget.DefaultItemAnimator this$0 -> d
    203:203:void <init>(androidx.recyclerview.widget.DefaultItemAnimator,androidx.recyclerview.widget.RecyclerView$ViewHolder,android.view.ViewPropertyAnimator,android.view.View) -> <init>
    206:207:void onAnimationStart(android.animation.Animator) -> onAnimationStart
    211:216:void onAnimationEnd(android.animation.Animator) -> onAnimationEnd
androidx.recyclerview.widget.DefaultItemAnimator$5 -> androidx.recyclerview.widget.e$5:
    androidx.recyclerview.widget.RecyclerView$ViewHolder val$holder -> a
    android.view.View val$view -> b
    android.view.ViewPropertyAnimator val$animation -> c
    androidx.recyclerview.widget.DefaultItemAnimator this$0 -> d
    233:233:void <init>(androidx.recyclerview.widget.DefaultItemAnimator,androidx.recyclerview.widget.RecyclerView$ViewHolder,android.view.View,android.view.ViewPropertyAnimator) -> <init>
    236:237:void onAnimationStart(android.animation.Animator) -> onAnimationStart
    241:242:void onAnimationCancel(android.animation.Animator) -> onAnimationCancel
    246:250:void onAnimationEnd(android.animation.Animator) -> onAnimationEnd
androidx.recyclerview.widget.DefaultItemAnimator$6 -> androidx.recyclerview.widget.e$6:
    androidx.recyclerview.widget.RecyclerView$ViewHolder val$holder -> a
    int val$deltaX -> b
    android.view.View val$view -> c
    int val$deltaY -> d
    android.view.ViewPropertyAnimator val$animation -> e
    androidx.recyclerview.widget.DefaultItemAnimator this$0 -> f
    292:292:void <init>(androidx.recyclerview.widget.DefaultItemAnimator,androidx.recyclerview.widget.RecyclerView$ViewHolder,int,android.view.View,int,android.view.ViewPropertyAnimator) -> <init>
    295:296:void onAnimationStart(android.animation.Animator) -> onAnimationStart
    300:306:void onAnimationCancel(android.animation.Animator) -> onAnimationCancel
    310:314:void onAnimationEnd(android.animation.Animator) -> onAnimationEnd
androidx.recyclerview.widget.DefaultItemAnimator$7 -> androidx.recyclerview.widget.e$7:
    androidx.recyclerview.widget.DefaultItemAnimator$ChangeInfo val$changeInfo -> a
    android.view.ViewPropertyAnimator val$oldViewAnim -> b
    android.view.View val$view -> c
    androidx.recyclerview.widget.DefaultItemAnimator this$0 -> d
    358:358:void <init>(androidx.recyclerview.widget.DefaultItemAnimator,androidx.recyclerview.widget.DefaultItemAnimator$ChangeInfo,android.view.ViewPropertyAnimator,android.view.View) -> <init>
    361:362:void onAnimationStart(android.animation.Animator) -> onAnimationStart
    366:373:void onAnimationEnd(android.animation.Animator) -> onAnimationEnd